<?xml version="1.0" encoding="UTF-8"?>
<!-- Generated by org.testng.reporters.JUnitReportReporter -->
<testsuite hostname="DESKTOP-BHK0E0K" failures="0" tests="7" name="com.testcase.TC_03_PostNewUser" time="1.105" errors="1" timestamp="2023-06-16T12:29:18 IST" skipped="6">
  <testcase classname="com.testcase.TC_03_PostNewUser" name="testResponseBody" time="0.000">
    <skipped/>
  </testcase> <!-- testResponseBody -->
  <system-out/>
  <testcase classname="com.testcase.TC_03_PostNewUser" name="postNewUser" time="1.105">
    <error message="Cannot invoke &quot;io.restassured.specification.RequestSpecification.header(String, Object, Object[])&quot; because &quot;this.httprequest&quot; is null" type="java.lang.NullPointerException">
      <![CDATA[java.lang.NullPointerException: Cannot invoke "io.restassured.specification.RequestSpecification.header(String, Object, Object[])" because "this.httprequest" is null
at com.testcase.TC_03_PostNewUser.postNewUser(TC_03_PostNewUser.java:38)
at java.base/jdk.internal.reflect.DirectMethodHandleAccessor.invoke(DirectMethodHandleAccessor.java:104)
at java.base/java.lang.reflect.Method.invoke(Method.java:578)
at org.testng.internal.MethodInvocationHelper.invokeMethod(MethodInvocationHelper.java:133)
at org.testng.internal.MethodInvocationHelper.invokeMethodConsideringTimeout(MethodInvocationHelper.java:62)
at org.testng.internal.ConfigInvoker.invokeConfigurationMethod(ConfigInvoker.java:385)
at org.testng.internal.ConfigInvoker.invokeConfigurations(ConfigInvoker.java:321)
at org.testng.internal.TestMethodWorker.invokeBeforeClassMethods(TestMethodWorker.java:176)
at org.testng.internal.TestMethodWorker.run(TestMethodWorker.java:122)
at java.base/java.util.ArrayList.forEach(ArrayList.java:1511)
at org.testng.TestRunner.privateRun(TestRunner.java:794)
at org.testng.TestRunner.run(TestRunner.java:596)
at org.testng.SuiteRunner.runTest(SuiteRunner.java:377)
at org.testng.SuiteRunner.runSequentially(SuiteRunner.java:371)
at org.testng.SuiteRunner.privateRun(SuiteRunner.java:332)
at org.testng.SuiteRunner.run(SuiteRunner.java:276)
at org.testng.SuiteRunnerWorker.runSuite(SuiteRunnerWorker.java:53)
at org.testng.SuiteRunnerWorker.run(SuiteRunnerWorker.java:96)
at org.testng.TestNG.runSuitesSequentially(TestNG.java:1212)
at org.testng.TestNG.runSuitesLocally(TestNG.java:1134)
at org.testng.TestNG.runSuites(TestNG.java:1063)
at org.testng.TestNG.run(TestNG.java:1031)
at org.testng.remote.AbstractRemoteTestNG.run(AbstractRemoteTestNG.java:115)
at org.testng.remote.RemoteTestNG.initAndRun(RemoteTestNG.java:251)
at org.testng.remote.RemoteTestNG.main(RemoteTestNG.java:77)
]]>
    </error>
  </testcase> <!-- postNewUser -->
  <system-out/>
  <testcase classname="com.testcase.TC_03_PostNewUser" name="testResponseTime" time="0.000">
    <skipped/>
  </testcase> <!-- testResponseTime -->
  <system-out/>
  <testcase classname="com.testcase.TC_03_PostNewUser" name="testServerType" time="0.000">
    <skipped/>
  </testcase> <!-- testServerType -->
  <system-out/>
  <testcase classname="com.testcase.TC_03_PostNewUser" name="testContentType" time="0.000">
    <skipped/>
  </testcase> <!-- testContentType -->
  <system-out/>
  <testcase classname="com.testcase.TC_03_PostNewUser" name="testStatusLine" time="0.000">
    <skipped/>
  </testcase> <!-- testStatusLine -->
  <system-out/>
  <testcase classname="com.testcase.TC_03_PostNewUser" name="testStatusCode" time="0.000">
    <skipped/>
  </testcase> <!-- testStatusCode -->
  <system-out/>
</testsuite> <!-- com.testcase.TC_03_PostNewUser -->
