<?xml version="1.0" encoding="UTF-8"?>
<!-- Generated by org.testng.reporters.JUnitReportReporter -->
<testsuite hostname="DESKTOP-BHK0E0K" failures="0" tests="6" name="com.testcase.TC_02_GetSingleUserDetails$TC01_GetUser_Test" time="0.040" errors="0" timestamp="2023-06-19T10:50:28 IST" skipped="1">
  <testcase classname="com.testcase.TC_02_GetSingleUserDetails$TC01_GetUser_Test" name="testStatusLine" time="0.007"/>
  <system-out/>
  <testcase classname="com.testcase.TC_02_GetSingleUserDetails$TC01_GetUser_Test" name="testServerType" time="0.009"/>
  <system-out/>
  <testcase classname="com.testcase.TC_02_GetSingleUserDetails$TC01_GetUser_Test" name="testContentType" time="0.007"/>
  <system-out/>
  <testcase classname="com.testcase.TC_02_GetSingleUserDetails$TC01_GetUser_Test" name="testResponseBody" time="0.010"/>
  <system-out/>
  <testcase classname="com.testcase.TC_02_GetSingleUserDetails$TC01_GetUser_Test" name="testStatusCode" time="0.007"/>
  <system-out/>
  <testcase classname="com.testcase.TC_02_GetSingleUserDetails$TC01_GetUser_Test" name="testResponseTime">
    <skipped/>
  </testcase> <!-- testResponseTime -->
  <system-out/>
</testsuite> <!-- com.testcase.TC_02_GetSingleUserDetails$TC01_GetUser_Test -->
