<?xml version="1.0" encoding="UTF-8"?>
<!-- Generated by org.testng.reporters.JUnitReportReporter -->
<testsuite hostname="DESKTOP-BHK0E0K" failures="0" tests="4" name="com.testcase.TC01_GetUsers_Test" time="0.233" errors="0" timestamp="2023-06-16T10:39:48 IST" skipped="0">
  <testcase classname="com.testcase.TC01_GetUsers_Test" name="testResponseTime" time="0.014"/>
  <system-out/>
  <testcase classname="com.testcase.TC01_GetUsers_Test" name="testStatusLine" time="0.009"/>
  <system-out/>
  <testcase classname="com.testcase.TC01_GetUsers_Test" name="testResponseBody" time="0.204"/>
  <system-out/>
  <testcase classname="com.testcase.TC01_GetUsers_Test" name="testStatusCode" time="0.006"/>
  <system-out/>
</testsuite> <!-- com.testcase.TC01_GetUsers_Test -->
